{"C:\\Users\\USUARIO\\Documents\\Universidad\\Onceavo Semestre\\Gestion de Calidad de Sistemas\\UnitTestingScientificCalc\\UnitTestingScientificCalculator\\src\\js\\class\\Accumulative.js": {"path":"C:\\Users\\USUARIO\\Documents\\Universidad\\Onceavo Semestre\\Gestion de Calidad de Sistemas\\UnitTestingScientificCalc\\UnitTestingScientificCalculator\\src\\js\\class\\Accumulative.js","statementMap":{"0":{"start":{"line":4,"column":8},"end":{"line":6,"column":9}},"1":{"start":{"line":5,"column":12},"end":{"line":5,"column":48}},"2":{"start":{"line":7,"column":18},"end":{"line":7,"column":19}},"3":{"start":{"line":8,"column":8},"end":{"line":10,"column":9}},"4":{"start":{"line":8,"column":21},"end":{"line":8,"column":26}},"5":{"start":{"line":9,"column":12},"end":{"line":9,"column":26}},"6":{"start":{"line":11,"column":8},"end":{"line":11,"column":18}},"7":{"start":{"line":15,"column":8},"end":{"line":17,"column":9}},"8":{"start":{"line":16,"column":12},"end":{"line":16,"column":48}},"9":{"start":{"line":18,"column":18},"end":{"line":18,"column":19}},"10":{"start":{"line":19,"column":8},"end":{"line":21,"column":9}},"11":{"start":{"line":19,"column":21},"end":{"line":19,"column":26}},"12":{"start":{"line":20,"column":12},"end":{"line":20,"column":26}},"13":{"start":{"line":22,"column":8},"end":{"line":22,"column":18}},"14":{"start":{"line":26,"column":8},"end":{"line":28,"column":9}},"15":{"start":{"line":27,"column":12},"end":{"line":27,"column":48}},"16":{"start":{"line":29,"column":20},"end":{"line":29,"column":21}},"17":{"start":{"line":30,"column":8},"end":{"line":32,"column":9}},"18":{"start":{"line":30,"column":21},"end":{"line":30,"column":22}},"19":{"start":{"line":31,"column":12},"end":{"line":31,"column":30}},"20":{"start":{"line":33,"column":8},"end":{"line":33,"column":21}},"21":{"start":{"line":37,"column":8},"end":{"line":39,"column":9}},"22":{"start":{"line":38,"column":12},"end":{"line":38,"column":48}},"23":{"start":{"line":40,"column":8},"end":{"line":42,"column":9}},"24":{"start":{"line":41,"column":12},"end":{"line":41,"column":21}},"25":{"start":{"line":43,"column":8},"end":{"line":43,"column":47}}},"fnMap":{"0":{"name":"(anonymous_0)","decl":{"start":{"line":3,"column":4},"end":{"line":3,"column":5}},"loc":{"start":{"line":3,"column":34},"end":{"line":12,"column":5}},"line":3},"1":{"name":"(anonymous_1)","decl":{"start":{"line":14,"column":4},"end":{"line":14,"column":5}},"loc":{"start":{"line":14,"column":35},"end":{"line":23,"column":5}},"line":14},"2":{"name":"(anonymous_2)","decl":{"start":{"line":25,"column":4},"end":{"line":25,"column":5}},"loc":{"start":{"line":25,"column":17},"end":{"line":34,"column":5}},"line":25},"3":{"name":"(anonymous_3)","decl":{"start":{"line":36,"column":4},"end":{"line":36,"column":5}},"loc":{"start":{"line":36,"column":19},"end":{"line":44,"column":5}},"line":36}},"branchMap":{"0":{"loc":{"start":{"line":4,"column":8},"end":{"line":6,"column":9}},"type":"if","locations":[{"start":{"line":4,"column":8},"end":{"line":6,"column":9}},{"start":{},"end":{}}],"line":4},"1":{"loc":{"start":{"line":4,"column":12},"end":{"line":4,"column":55}},"type":"binary-expr","locations":[{"start":{"line":4,"column":12},"end":{"line":4,"column":24}},{"start":{"line":4,"column":28},"end":{"line":4,"column":38}},{"start":{"line":4,"column":42},"end":{"line":4,"column":55}}],"line":4},"2":{"loc":{"start":{"line":15,"column":8},"end":{"line":17,"column":9}},"type":"if","locations":[{"start":{"line":15,"column":8},"end":{"line":17,"column":9}},{"start":{},"end":{}}],"line":15},"3":{"loc":{"start":{"line":15,"column":12},"end":{"line":15,"column":55}},"type":"binary-expr","locations":[{"start":{"line":15,"column":12},"end":{"line":15,"column":24}},{"start":{"line":15,"column":28},"end":{"line":15,"column":38}},{"start":{"line":15,"column":42},"end":{"line":15,"column":55}}],"line":15},"4":{"loc":{"start":{"line":26,"column":8},"end":{"line":28,"column":9}},"type":"if","locations":[{"start":{"line":26,"column":8},"end":{"line":28,"column":9}},{"start":{},"end":{}}],"line":26},"5":{"loc":{"start":{"line":37,"column":8},"end":{"line":39,"column":9}},"type":"if","locations":[{"start":{"line":37,"column":8},"end":{"line":39,"column":9}},{"start":{},"end":{}}],"line":37},"6":{"loc":{"start":{"line":40,"column":8},"end":{"line":42,"column":9}},"type":"if","locations":[{"start":{"line":40,"column":8},"end":{"line":42,"column":9}},{"start":{},"end":{}}],"line":40}},"s":{"0":6,"1":1,"2":5,"3":5,"4":5,"5":24,"6":5,"7":6,"8":1,"9":5,"10":5,"11":5,"12":41,"13":5,"14":5,"15":1,"16":4,"17":4,"18":4,"19":27,"20":4,"21":10459,"22":1,"23":10458,"24":3,"25":10455},"f":{"0":6,"1":6,"2":5,"3":10459},"b":{"0":[1,5],"1":[6,5,5],"2":[1,5],"3":[6,6,5],"4":[1,4],"5":[1,10458],"6":[3,10455]},"_coverageSchema":"1a1c01bbd47fc00a2c39e90264f33305004495a9","hash":"bcc9fb23bdf664610f46da41591b0e5a0bddc058"}
,"C:\\Users\\USUARIO\\Documents\\Universidad\\Onceavo Semestre\\Gestion de Calidad de Sistemas\\UnitTestingScientificCalc\\UnitTestingScientificCalculator\\src\\js\\class\\Arithmetics.js": {"path":"C:\\Users\\USUARIO\\Documents\\Universidad\\Onceavo Semestre\\Gestion de Calidad de Sistemas\\UnitTestingScientificCalc\\UnitTestingScientificCalculator\\src\\js\\class\\Arithmetics.js","statementMap":{"0":{"start":{"line":5,"column":8},"end":{"line":7,"column":9}},"1":{"start":{"line":6,"column":12},"end":{"line":6,"column":48}},"2":{"start":{"line":8,"column":8},"end":{"line":8,"column":22}},"3":{"start":{"line":12,"column":8},"end":{"line":14,"column":9}},"4":{"start":{"line":13,"column":12},"end":{"line":13,"column":48}},"5":{"start":{"line":16,"column":8},"end":{"line":16,"column":22}},"6":{"start":{"line":20,"column":8},"end":{"line":22,"column":9}},"7":{"start":{"line":21,"column":12},"end":{"line":21,"column":48}},"8":{"start":{"line":23,"column":8},"end":{"line":23,"column":22}},"9":{"start":{"line":27,"column":8},"end":{"line":29,"column":9}},"10":{"start":{"line":28,"column":12},"end":{"line":28,"column":48}},"11":{"start":{"line":30,"column":8},"end":{"line":32,"column":9}},"12":{"start":{"line":31,"column":12},"end":{"line":31,"column":28}},"13":{"start":{"line":33,"column":8},"end":{"line":33,"column":22}},"14":{"start":{"line":37,"column":8},"end":{"line":39,"column":9}},"15":{"start":{"line":38,"column":12},"end":{"line":38,"column":48}},"16":{"start":{"line":40,"column":8},"end":{"line":40,"column":22}}},"fnMap":{"0":{"name":"(anonymous_0)","decl":{"start":{"line":2,"column":4},"end":{"line":2,"column":5}},"loc":{"start":{"line":2,"column":18},"end":{"line":2,"column":21}},"line":2},"1":{"name":"(anonymous_1)","decl":{"start":{"line":4,"column":4},"end":{"line":4,"column":5}},"loc":{"start":{"line":4,"column":14},"end":{"line":9,"column":5}},"line":4},"2":{"name":"(anonymous_2)","decl":{"start":{"line":11,"column":4},"end":{"line":11,"column":5}},"loc":{"start":{"line":11,"column":14},"end":{"line":17,"column":5}},"line":11},"3":{"name":"(anonymous_3)","decl":{"start":{"line":19,"column":4},"end":{"line":19,"column":5}},"loc":{"start":{"line":19,"column":15},"end":{"line":24,"column":5}},"line":19},"4":{"name":"(anonymous_4)","decl":{"start":{"line":26,"column":4},"end":{"line":26,"column":5}},"loc":{"start":{"line":26,"column":14},"end":{"line":34,"column":5}},"line":26},"5":{"name":"(anonymous_5)","decl":{"start":{"line":36,"column":4},"end":{"line":36,"column":5}},"loc":{"start":{"line":36,"column":14},"end":{"line":41,"column":5}},"line":36}},"branchMap":{"0":{"loc":{"start":{"line":5,"column":8},"end":{"line":7,"column":9}},"type":"if","locations":[{"start":{"line":5,"column":8},"end":{"line":7,"column":9}},{"start":{},"end":{}}],"line":5},"1":{"loc":{"start":{"line":5,"column":12},"end":{"line":5,"column":32}},"type":"binary-expr","locations":[{"start":{"line":5,"column":12},"end":{"line":5,"column":20}},{"start":{"line":5,"column":24},"end":{"line":5,"column":32}}],"line":5},"2":{"loc":{"start":{"line":12,"column":8},"end":{"line":14,"column":9}},"type":"if","locations":[{"start":{"line":12,"column":8},"end":{"line":14,"column":9}},{"start":{},"end":{}}],"line":12},"3":{"loc":{"start":{"line":12,"column":12},"end":{"line":12,"column":32}},"type":"binary-expr","locations":[{"start":{"line":12,"column":12},"end":{"line":12,"column":20}},{"start":{"line":12,"column":24},"end":{"line":12,"column":32}}],"line":12},"4":{"loc":{"start":{"line":20,"column":8},"end":{"line":22,"column":9}},"type":"if","locations":[{"start":{"line":20,"column":8},"end":{"line":22,"column":9}},{"start":{},"end":{}}],"line":20},"5":{"loc":{"start":{"line":20,"column":12},"end":{"line":20,"column":32}},"type":"binary-expr","locations":[{"start":{"line":20,"column":12},"end":{"line":20,"column":20}},{"start":{"line":20,"column":24},"end":{"line":20,"column":32}}],"line":20},"6":{"loc":{"start":{"line":27,"column":8},"end":{"line":29,"column":9}},"type":"if","locations":[{"start":{"line":27,"column":8},"end":{"line":29,"column":9}},{"start":{},"end":{}}],"line":27},"7":{"loc":{"start":{"line":27,"column":12},"end":{"line":27,"column":32}},"type":"binary-expr","locations":[{"start":{"line":27,"column":12},"end":{"line":27,"column":20}},{"start":{"line":27,"column":24},"end":{"line":27,"column":32}}],"line":27},"8":{"loc":{"start":{"line":30,"column":8},"end":{"line":32,"column":9}},"type":"if","locations":[{"start":{"line":30,"column":8},"end":{"line":32,"column":9}},{"start":{},"end":{}}],"line":30},"9":{"loc":{"start":{"line":37,"column":8},"end":{"line":39,"column":9}},"type":"if","locations":[{"start":{"line":37,"column":8},"end":{"line":39,"column":9}},{"start":{},"end":{}}],"line":37},"10":{"loc":{"start":{"line":37,"column":12},"end":{"line":37,"column":32}},"type":"binary-expr","locations":[{"start":{"line":37,"column":12},"end":{"line":37,"column":20}},{"start":{"line":37,"column":24},"end":{"line":37,"column":32}}],"line":37}},"s":{"0":4,"1":1,"2":3,"3":4,"4":1,"5":3,"6":4,"7":1,"8":3,"9":5,"10":1,"11":4,"12":1,"13":3,"14":4,"15":1,"16":3},"f":{"0":1,"1":4,"2":4,"3":4,"4":5,"5":4},"b":{"0":[1,3],"1":[4,3],"2":[1,3],"3":[4,3],"4":[1,3],"5":[4,3],"6":[1,4],"7":[5,4],"8":[1,3],"9":[1,3],"10":[4,3]},"_coverageSchema":"1a1c01bbd47fc00a2c39e90264f33305004495a9","hash":"8e5c74dd71f724dba2a182cecbcad560822e28f0"}
,"C:\\Users\\USUARIO\\Documents\\Universidad\\Onceavo Semestre\\Gestion de Calidad de Sistemas\\UnitTestingScientificCalc\\UnitTestingScientificCalculator\\src\\js\\class\\Logarithms.js": {"path":"C:\\Users\\USUARIO\\Documents\\Universidad\\Onceavo Semestre\\Gestion de Calidad de Sistemas\\UnitTestingScientificCalc\\UnitTestingScientificCalculator\\src\\js\\class\\Logarithms.js","statementMap":{"0":{"start":{"line":5,"column":8},"end":{"line":7,"column":9}},"1":{"start":{"line":6,"column":12},"end":{"line":6,"column":48}},"2":{"start":{"line":8,"column":8},"end":{"line":8,"column":41}},"3":{"start":{"line":12,"column":8},"end":{"line":14,"column":9}},"4":{"start":{"line":13,"column":12},"end":{"line":13,"column":48}},"5":{"start":{"line":15,"column":8},"end":{"line":15,"column":29}}},"fnMap":{"0":{"name":"(anonymous_0)","decl":{"start":{"line":2,"column":4},"end":{"line":2,"column":5}},"loc":{"start":{"line":2,"column":17},"end":{"line":2,"column":19}},"line":2},"1":{"name":"(anonymous_1)","decl":{"start":{"line":4,"column":4},"end":{"line":4,"column":5}},"loc":{"start":{"line":4,"column":18},"end":{"line":9,"column":5}},"line":4},"2":{"name":"(anonymous_2)","decl":{"start":{"line":11,"column":4},"end":{"line":11,"column":5}},"loc":{"start":{"line":11,"column":13},"end":{"line":16,"column":5}},"line":11}},"branchMap":{"0":{"loc":{"start":{"line":5,"column":8},"end":{"line":7,"column":9}},"type":"if","locations":[{"start":{"line":5,"column":8},"end":{"line":7,"column":9}},{"start":{},"end":{}}],"line":5},"1":{"loc":{"start":{"line":5,"column":12},"end":{"line":5,"column":32}},"type":"binary-expr","locations":[{"start":{"line":5,"column":12},"end":{"line":5,"column":20}},{"start":{"line":5,"column":24},"end":{"line":5,"column":32}}],"line":5},"2":{"loc":{"start":{"line":12,"column":8},"end":{"line":14,"column":9}},"type":"if","locations":[{"start":{"line":12,"column":8},"end":{"line":14,"column":9}},{"start":{},"end":{}}],"line":12}},"s":{"0":11,"1":2,"2":9,"3":6,"4":1,"5":5},"f":{"0":1,"1":11,"2":6},"b":{"0":[2,9],"1":[11,10],"2":[1,5]},"_coverageSchema":"1a1c01bbd47fc00a2c39e90264f33305004495a9","hash":"6eb5a37a43f589f60a2212b7da352a7795996f84"}
,"C:\\Users\\USUARIO\\Documents\\Universidad\\Onceavo Semestre\\Gestion de Calidad de Sistemas\\UnitTestingScientificCalc\\UnitTestingScientificCalculator\\src\\js\\class\\Trigonometric.js": {"path":"C:\\Users\\USUARIO\\Documents\\Universidad\\Onceavo Semestre\\Gestion de Calidad de Sistemas\\UnitTestingScientificCalc\\UnitTestingScientificCalculator\\src\\js\\class\\Trigonometric.js","statementMap":{"0":{"start":{"line":5,"column":8},"end":{"line":7,"column":9}},"1":{"start":{"line":6,"column":12},"end":{"line":6,"column":48}},"2":{"start":{"line":8,"column":8},"end":{"line":8,"column":27}},"3":{"start":{"line":12,"column":8},"end":{"line":14,"column":9}},"4":{"start":{"line":13,"column":12},"end":{"line":13,"column":48}},"5":{"start":{"line":15,"column":8},"end":{"line":15,"column":27}},"6":{"start":{"line":19,"column":8},"end":{"line":21,"column":9}},"7":{"start":{"line":20,"column":12},"end":{"line":20,"column":48}},"8":{"start":{"line":22,"column":8},"end":{"line":22,"column":27}},"9":{"start":{"line":26,"column":8},"end":{"line":28,"column":9}},"10":{"start":{"line":27,"column":12},"end":{"line":27,"column":48}},"11":{"start":{"line":29,"column":8},"end":{"line":29,"column":28}},"12":{"start":{"line":33,"column":8},"end":{"line":35,"column":9}},"13":{"start":{"line":34,"column":12},"end":{"line":34,"column":48}},"14":{"start":{"line":36,"column":8},"end":{"line":36,"column":28}},"15":{"start":{"line":40,"column":8},"end":{"line":42,"column":9}},"16":{"start":{"line":41,"column":12},"end":{"line":41,"column":48}},"17":{"start":{"line":43,"column":8},"end":{"line":43,"column":28}},"18":{"start":{"line":47,"column":8},"end":{"line":49,"column":9}},"19":{"start":{"line":48,"column":12},"end":{"line":48,"column":48}},"20":{"start":{"line":50,"column":8},"end":{"line":50,"column":28}},"21":{"start":{"line":54,"column":8},"end":{"line":56,"column":9}},"22":{"start":{"line":55,"column":12},"end":{"line":55,"column":48}},"23":{"start":{"line":57,"column":8},"end":{"line":57,"column":28}},"24":{"start":{"line":61,"column":8},"end":{"line":63,"column":9}},"25":{"start":{"line":62,"column":12},"end":{"line":62,"column":48}},"26":{"start":{"line":64,"column":8},"end":{"line":64,"column":28}},"27":{"start":{"line":68,"column":8},"end":{"line":70,"column":9}},"28":{"start":{"line":69,"column":12},"end":{"line":69,"column":48}},"29":{"start":{"line":71,"column":8},"end":{"line":71,"column":29}},"30":{"start":{"line":75,"column":8},"end":{"line":77,"column":9}},"31":{"start":{"line":76,"column":12},"end":{"line":76,"column":48}},"32":{"start":{"line":78,"column":8},"end":{"line":78,"column":29}},"33":{"start":{"line":82,"column":8},"end":{"line":84,"column":9}},"34":{"start":{"line":83,"column":12},"end":{"line":83,"column":48}},"35":{"start":{"line":85,"column":8},"end":{"line":85,"column":29}}},"fnMap":{"0":{"name":"(anonymous_0)","decl":{"start":{"line":2,"column":4},"end":{"line":2,"column":5}},"loc":{"start":{"line":2,"column":18},"end":{"line":2,"column":21}},"line":2},"1":{"name":"(anonymous_1)","decl":{"start":{"line":4,"column":4},"end":{"line":4,"column":5}},"loc":{"start":{"line":4,"column":11},"end":{"line":9,"column":5}},"line":4},"2":{"name":"(anonymous_2)","decl":{"start":{"line":11,"column":4},"end":{"line":11,"column":5}},"loc":{"start":{"line":11,"column":11},"end":{"line":16,"column":5}},"line":11},"3":{"name":"(anonymous_3)","decl":{"start":{"line":18,"column":4},"end":{"line":18,"column":5}},"loc":{"start":{"line":18,"column":11},"end":{"line":23,"column":5}},"line":18},"4":{"name":"(anonymous_4)","decl":{"start":{"line":25,"column":4},"end":{"line":25,"column":5}},"loc":{"start":{"line":25,"column":14},"end":{"line":30,"column":5}},"line":25},"5":{"name":"(anonymous_5)","decl":{"start":{"line":32,"column":4},"end":{"line":32,"column":5}},"loc":{"start":{"line":32,"column":14},"end":{"line":37,"column":5}},"line":32},"6":{"name":"(anonymous_6)","decl":{"start":{"line":39,"column":4},"end":{"line":39,"column":5}},"loc":{"start":{"line":39,"column":14},"end":{"line":44,"column":5}},"line":39},"7":{"name":"(anonymous_7)","decl":{"start":{"line":46,"column":4},"end":{"line":46,"column":5}},"loc":{"start":{"line":46,"column":14},"end":{"line":51,"column":5}},"line":46},"8":{"name":"(anonymous_8)","decl":{"start":{"line":53,"column":4},"end":{"line":53,"column":5}},"loc":{"start":{"line":53,"column":14},"end":{"line":58,"column":5}},"line":53},"9":{"name":"(anonymous_9)","decl":{"start":{"line":60,"column":4},"end":{"line":60,"column":5}},"loc":{"start":{"line":60,"column":14},"end":{"line":65,"column":5}},"line":60},"10":{"name":"(anonymous_10)","decl":{"start":{"line":67,"column":4},"end":{"line":67,"column":5}},"loc":{"start":{"line":67,"column":17},"end":{"line":72,"column":5}},"line":67},"11":{"name":"(anonymous_11)","decl":{"start":{"line":74,"column":4},"end":{"line":74,"column":5}},"loc":{"start":{"line":74,"column":17},"end":{"line":79,"column":5}},"line":74},"12":{"name":"(anonymous_12)","decl":{"start":{"line":81,"column":4},"end":{"line":81,"column":5}},"loc":{"start":{"line":81,"column":17},"end":{"line":86,"column":5}},"line":81}},"branchMap":{"0":{"loc":{"start":{"line":5,"column":8},"end":{"line":7,"column":9}},"type":"if","locations":[{"start":{"line":5,"column":8},"end":{"line":7,"column":9}},{"start":{},"end":{}}],"line":5},"1":{"loc":{"start":{"line":12,"column":8},"end":{"line":14,"column":9}},"type":"if","locations":[{"start":{"line":12,"column":8},"end":{"line":14,"column":9}},{"start":{},"end":{}}],"line":12},"2":{"loc":{"start":{"line":19,"column":8},"end":{"line":21,"column":9}},"type":"if","locations":[{"start":{"line":19,"column":8},"end":{"line":21,"column":9}},{"start":{},"end":{}}],"line":19},"3":{"loc":{"start":{"line":26,"column":8},"end":{"line":28,"column":9}},"type":"if","locations":[{"start":{"line":26,"column":8},"end":{"line":28,"column":9}},{"start":{},"end":{}}],"line":26},"4":{"loc":{"start":{"line":33,"column":8},"end":{"line":35,"column":9}},"type":"if","locations":[{"start":{"line":33,"column":8},"end":{"line":35,"column":9}},{"start":{},"end":{}}],"line":33},"5":{"loc":{"start":{"line":40,"column":8},"end":{"line":42,"column":9}},"type":"if","locations":[{"start":{"line":40,"column":8},"end":{"line":42,"column":9}},{"start":{},"end":{}}],"line":40},"6":{"loc":{"start":{"line":47,"column":8},"end":{"line":49,"column":9}},"type":"if","locations":[{"start":{"line":47,"column":8},"end":{"line":49,"column":9}},{"start":{},"end":{}}],"line":47},"7":{"loc":{"start":{"line":54,"column":8},"end":{"line":56,"column":9}},"type":"if","locations":[{"start":{"line":54,"column":8},"end":{"line":56,"column":9}},{"start":{},"end":{}}],"line":54},"8":{"loc":{"start":{"line":61,"column":8},"end":{"line":63,"column":9}},"type":"if","locations":[{"start":{"line":61,"column":8},"end":{"line":63,"column":9}},{"start":{},"end":{}}],"line":61},"9":{"loc":{"start":{"line":68,"column":8},"end":{"line":70,"column":9}},"type":"if","locations":[{"start":{"line":68,"column":8},"end":{"line":70,"column":9}},{"start":{},"end":{}}],"line":68},"10":{"loc":{"start":{"line":75,"column":8},"end":{"line":77,"column":9}},"type":"if","locations":[{"start":{"line":75,"column":8},"end":{"line":77,"column":9}},{"start":{},"end":{}}],"line":75},"11":{"loc":{"start":{"line":82,"column":8},"end":{"line":84,"column":9}},"type":"if","locations":[{"start":{"line":82,"column":8},"end":{"line":84,"column":9}},{"start":{},"end":{}}],"line":82}},"s":{"0":3,"1":1,"2":2,"3":3,"4":1,"5":2,"6":3,"7":1,"8":2,"9":3,"10":1,"11":2,"12":3,"13":1,"14":2,"15":3,"16":1,"17":2,"18":3,"19":1,"20":2,"21":3,"22":1,"23":2,"24":3,"25":1,"26":2,"27":3,"28":1,"29":2,"30":3,"31":1,"32":2,"33":3,"34":1,"35":2},"f":{"0":1,"1":3,"2":3,"3":3,"4":3,"5":3,"6":3,"7":3,"8":3,"9":3,"10":3,"11":3,"12":3},"b":{"0":[1,2],"1":[1,2],"2":[1,2],"3":[1,2],"4":[1,2],"5":[1,2],"6":[1,2],"7":[1,2],"8":[1,2],"9":[1,2],"10":[1,2],"11":[1,2]},"_coverageSchema":"1a1c01bbd47fc00a2c39e90264f33305004495a9","hash":"a0268fbc187ab0b46a1ab331c014714d5006bc01"}
}
